<?xml version="1.0" encoding="UTF-8"?>
<!-- Generated by org.testng.reporters.JUnitReportReporter -->
<testsuite skipped="0" hostname="DESKTOP-199HUKU" name="Demo.launchBrowser" tests="1" failures="0" timestamp="24 Feb 2020 05:53:34 GMT" time="6.680" errors="0">
  <testcase name="openFireFox" time="6.680" classname="Demo.launchBrowser"/>
</testsuite> <!-- Demo.launchBrowser -->
