<?xml version="1.0" encoding="UTF-8"?>
<!-- Generated by org.testng.reporters.JUnitReportReporter -->
<testsuite hostname="DESKTOP-199HUKU" name="TestNG.Groups" tests="3" failures="0" timestamp="2 Dec 2019 07:37:33 GMT" time="0.017" errors="0">
  <testcase name="createUser" time="0.001" classname="TestNG.Groups"/>
  <testcase name="deleteUser" time="0.004" classname="TestNG.Groups"/>
  <testcase name="deleteUser" time="0.012" classname="TestNG.Groups"/>
</testsuite> <!-- TestNG.Groups -->
