<?xml version="1.0" encoding="UTF-8"?>
<!-- Generated by org.testng.reporters.JUnitReportReporter -->
<testsuite hostname="DESKTOP-199HUKU" name="TestNG.DemoA" tests="1" failures="0" timestamp="9 Dec 2019 07:48:26 GMT" time="0.013" errors="0">
  <testcase name="loginpageTest" time="0.013" classname="TestNG.DemoA"/>
</testsuite> <!-- TestNG.DemoA -->
