<?xml version="1.0" encoding="UTF-8"?>
<!-- Generated by org.testng.reporters.JUnitReportReporter -->
<testsuite hostname="DESKTOP-199HUKU" name="TestNG.Optional" tests="1" failures="0" timestamp="10 Dec 2019 06:21:53 GMT" time="0.016" errors="0">
  <testcase name="LoginPageTest1" time="0.016" classname="TestNG.Optional"/>
</testsuite> <!-- TestNG.Optional -->
