<?xml version="1.0" encoding="UTF-8"?>
<!-- Generated by org.testng.reporters.JUnitReportReporter -->
<testsuite hostname="DESKTOP-199HUKU" name="TestNG.DemoB" tests="1" failures="0" timestamp="10 Dec 2019 06:00:33 GMT" time="5.894" errors="0">
  <testcase name="logintest" time="5.894" classname="TestNG.DemoB"/>
</testsuite> <!-- TestNG.DemoB -->
