<?xml version="1.0" encoding="UTF-8"?>
<!-- Generated by org.testng.reporters.JUnitReportReporter -->
<testsuite hostname="DESKTOP-199HUKU" name="TestNG.Operations" tests="2" failures="0" timestamp="2 Dec 2019 07:15:47 GMT" time="0.037" errors="0">
  <testcase name="deleteUser" time="0.002" classname="TestNG.Operations"/>
  <testcase name="editUser" time="0.035" classname="TestNG.Operations"/>
</testsuite> <!-- TestNG.Operations -->
